c:\zcpp- projekt\puzzle\puzzle\debug\vc140.pdb
c:\zcpp- projekt\puzzle\puzzle\debug\vc140.idb
c:\zcpp- projekt\puzzle\puzzle\debug\astarsolver.obj
c:\zcpp- projekt\puzzle\puzzle\debug\board.obj
c:\zcpp- projekt\puzzle\puzzle\debug\dfssolver.obj
c:\zcpp- projekt\puzzle\puzzle\debug\iview.obj
c:\zcpp- projekt\puzzle\puzzle\debug\solver.obj
c:\zcpp- projekt\puzzle\puzzle\debug\solverfactory.obj
c:\zcpp- projekt\puzzle\puzzle\debug\tile.obj
c:\zcpp- projekt\puzzle\puzzle\debug\consoleview.obj
c:\zcpp- projekt\puzzle\puzzle\debug\gamemanager.obj
c:\zcpp- projekt\puzzle\puzzle\debug\main.obj
c:\zcpp- projekt\puzzle\puzzle\debug\sfmlview.obj
c:\zcpp- projekt\puzzle\puzzle\debug\viewfactory.obj
c:\zcpp- projekt\puzzle\puzzle\debug\greedybestfirstsolver.obj
c:\zcpp- projekt\puzzle\puzzle\debug\solverextended.obj
c:\zcpp- projekt\puzzle\puzzle\debug\solverresolver.obj
c:\zcpp- projekt\puzzle\puzzle\debug\solverbase.obj
c:\zcpp- projekt\puzzle\debug\puzzle.ilk
c:\zcpp- projekt\puzzle\debug\puzzle.exe
c:\zcpp- projekt\puzzle\debug\puzzle.pdb
c:\zcpp- projekt\puzzle\puzzle\debug\puzzle.tlog\cl.command.1.tlog
c:\zcpp- projekt\puzzle\puzzle\debug\puzzle.tlog\cl.read.1.tlog
c:\zcpp- projekt\puzzle\puzzle\debug\puzzle.tlog\cl.write.1.tlog
c:\zcpp- projekt\puzzle\puzzle\debug\puzzle.tlog\link.command.1.tlog
c:\zcpp- projekt\puzzle\puzzle\debug\puzzle.tlog\link.read.1.tlog
c:\zcpp- projekt\puzzle\puzzle\debug\puzzle.tlog\link.write.1.tlog
